<?xml version="1.0" encoding="UTF-8"?>
<!-- Generated by org.testng.reporters.JUnitReportReporter -->
<testsuite skipped="0" hostname="DESKTOP-JVJ19M7" name="DriverClass.Driverclass" tests="2" failures="0" timestamp="13 Dec 2017 04:40:17 GMT" time="61.327" errors="0">
  <testcase name="TestCase1" time="40.123" classname="DriverClass.Driverclass"/>
  <testcase name="Testcase2" time="21.204" classname="DriverClass.Driverclass"/>
</testsuite> <!-- DriverClass.Driverclass -->
